<?xml version="1.0" encoding="UTF-8"?>
<testng-results skipped="0" failed="0" ignored="0" total="0" passed="0">
  <reporter-output>
  </reporter-output>
  <suite name="com.Techfios.cSession5.AppTest" duration-ms="14" started-at="2020-12-17T01:52:15Z" finished-at="2020-12-17T01:52:15Z">
    <groups>
    </groups>
    <test name="Command line test" duration-ms="14" started-at="2020-12-17T01:52:15Z" finished-at="2020-12-17T01:52:15Z">
    </test> <!-- Command line test -->
  </suite> <!-- com.Techfios.cSession5.AppTest -->
</testng-results>
