<?xml version="1.0" encoding="UTF-8"?>
<testng-results skipped="0" failed="0" ignored="0" total="1" passed="1">
  <reporter-output>
  </reporter-output>
  <suite name="Default suite" duration-ms="13005" started-at="2020-12-17T02:23:41Z" finished-at="2020-12-17T02:23:54Z">
    <groups>
    </groups>
    <test name="Default test" duration-ms="13005" started-at="2020-12-17T02:23:41Z" finished-at="2020-12-17T02:23:54Z">
      <class name="testCase1.LoginTest">
        <test-method status="PASS" signature="launchBrowser()[pri:0, instance:testCase1.LoginTest@25d250c6]" name="launchBrowser" duration-ms="12925" started-at="2020-12-17T02:23:41Z" finished-at="2020-12-17T02:23:54Z">
          <reporter-output>
          </reporter-output>
        </test-method> <!-- launchBrowser -->
      </class> <!-- testCase1.LoginTest -->
    </test> <!-- Default test -->
  </suite> <!-- Default suite -->
</testng-results>
